2024-02-12 20:16:48,613 ERROR [JavaFX Application Thread] c.r.p.u.DatabaseUtils [DatabaseUtils.java:35] SQL Exception while connecting to database: Connection is broken: "java.net.ConnectException: Connection refused: no further information: localhost" [90067-224]
org.h2.jdbc.JdbcSQLNonTransientConnectionException: Connection is broken: "java.net.ConnectException: Connection refused: no further information: localhost" [90067-224]
	at org.h2.message.DbException.getJdbcSQLException(DbException.java:690)
	at org.h2.message.DbException.getJdbcSQLException(DbException.java:489)
	at org.h2.message.DbException.get(DbException.java:212)
	at org.h2.engine.SessionRemote.connectServer(SessionRemote.java:442)
	at org.h2.engine.SessionRemote.connectEmbeddedOrServer(SessionRemote.java:330)
	at org.h2.jdbc.JdbcConnection.<init>(JdbcConnection.java:125)
	at org.h2.Driver.connect(Driver.java:59)
	at java.sql/java.sql.DriverManager.getConnection(DriverManager.java:683)
	at java.sql/java.sql.DriverManager.getConnection(DriverManager.java:230)
	at com.reception.projektkrivacic/com.reception.projektkrivacic.utils.DatabaseUtils.connectToDatabase(DatabaseUtils.java:32)
	at com.reception.projektkrivacic/com.reception.projektkrivacic.utils.DatabaseUtils.getUser(DatabaseUtils.java:254)
	at com.reception.projektkrivacic/com.reception.projektkrivacic.controllers.LogInController.userLogin(LogInController.java:44)
	at java.base/jdk.internal.reflect.DirectMethodHandleAccessor.invoke(DirectMethodHandleAccessor.java:103)
	at java.base/java.lang.reflect.Method.invoke(Method.java:580)
	at com.sun.javafx.reflect.Trampoline.invoke(MethodUtil.java:72)
	at java.base/jdk.internal.reflect.DirectMethodHandleAccessor.invoke(DirectMethodHandleAccessor.java:103)
	at java.base/java.lang.reflect.Method.invoke(Method.java:580)
	at javafx.base@21-ea/com.sun.javafx.reflect.MethodUtil.invoke(MethodUtil.java:270)
	at javafx.fxml@21-ea/com.sun.javafx.fxml.MethodHelper.invoke(MethodHelper.java:84)
	at javafx.fxml@21-ea/javafx.fxml.FXMLLoader$MethodHandler.invoke(FXMLLoader.java:1855)
	at javafx.fxml@21-ea/javafx.fxml.FXMLLoader$ControllerMethodEventHandler.handle(FXMLLoader.java:1726)
	at javafx.base@21-ea/com.sun.javafx.event.CompositeEventHandler.dispatchBubblingEvent(CompositeEventHandler.java:86)
	at javafx.base@21-ea/com.sun.javafx.event.EventHandlerManager.dispatchBubblingEvent(EventHandlerManager.java:232)
	at javafx.base@21-ea/com.sun.javafx.event.EventHandlerManager.dispatchBubblingEvent(EventHandlerManager.java:189)
	at javafx.base@21-ea/com.sun.javafx.event.CompositeEventDispatcher.dispatchBubblingEvent(CompositeEventDispatcher.java:59)
	at javafx.base@21-ea/com.sun.javafx.event.BasicEventDispatcher.dispatchEvent(BasicEventDispatcher.java:58)
	at javafx.base@21-ea/com.sun.javafx.event.EventDispatchChainImpl.dispatchEvent(EventDispatchChainImpl.java:114)
	at javafx.base@21-ea/com.sun.javafx.event.BasicEventDispatcher.dispatchEvent(BasicEventDispatcher.java:56)
	at javafx.base@21-ea/com.sun.javafx.event.EventDispatchChainImpl.dispatchEvent(EventDispatchChainImpl.java:114)
	at javafx.base@21-ea/com.sun.javafx.event.BasicEventDispatcher.dispatchEvent(BasicEventDispatcher.java:56)
	at javafx.base@21-ea/com.sun.javafx.event.EventDispatchChainImpl.dispatchEvent(EventDispatchChainImpl.java:114)
	at javafx.base@21-ea/com.sun.javafx.event.EventUtil.fireEventImpl(EventUtil.java:74)
	at javafx.base@21-ea/com.sun.javafx.event.EventUtil.fireEvent(EventUtil.java:49)
	at javafx.base@21-ea/javafx.event.Event.fireEvent(Event.java:198)
	at javafx.graphics@21-ea/javafx.scene.Node.fireEvent(Node.java:8875)
	at javafx.controls@21-ea/javafx.scene.control.Button.fire(Button.java:203)
	at javafx.controls@21-ea/com.sun.javafx.scene.control.behavior.ButtonBehavior.mouseReleased(ButtonBehavior.java:207)
	at javafx.controls@21-ea/com.sun.javafx.scene.control.inputmap.InputMap.handle(InputMap.java:274)
	at javafx.base@21-ea/com.sun.javafx.event.CompositeEventHandler$NormalEventHandlerRecord.handleBubblingEvent(CompositeEventHandler.java:247)
	at javafx.base@21-ea/com.sun.javafx.event.CompositeEventHandler.dispatchBubblingEvent(CompositeEventHandler.java:80)
	at javafx.base@21-ea/com.sun.javafx.event.EventHandlerManager.dispatchBubblingEvent(EventHandlerManager.java:232)
	at javafx.base@21-ea/com.sun.javafx.event.EventHandlerManager.dispatchBubblingEvent(EventHandlerManager.java:189)
	at javafx.base@21-ea/com.sun.javafx.event.CompositeEventDispatcher.dispatchBubblingEvent(CompositeEventDispatcher.java:59)
	at javafx.base@21-ea/com.sun.javafx.event.BasicEventDispatcher.dispatchEvent(BasicEventDispatcher.java:58)
	at javafx.base@21-ea/com.sun.javafx.event.EventDispatchChainImpl.dispatchEvent(EventDispatchChainImpl.java:114)
	at javafx.base@21-ea/com.sun.javafx.event.BasicEventDispatcher.dispatchEvent(BasicEventDispatcher.java:56)
	at javafx.base@21-ea/com.sun.javafx.event.EventDispatchChainImpl.dispatchEvent(EventDispatchChainImpl.java:114)
	at javafx.base@21-ea/com.sun.javafx.event.BasicEventDispatcher.dispatchEvent(BasicEventDispatcher.java:56)
	at javafx.base@21-ea/com.sun.javafx.event.EventDispatchChainImpl.dispatchEvent(EventDispatchChainImpl.java:114)
	at javafx.base@21-ea/com.sun.javafx.event.EventUtil.fireEventImpl(EventUtil.java:74)
	at javafx.base@21-ea/com.sun.javafx.event.EventUtil.fireEvent(EventUtil.java:54)
	at javafx.base@21-ea/javafx.event.Event.fireEvent(Event.java:198)
	at javafx.graphics@21-ea/javafx.scene.Scene$MouseHandler.process(Scene.java:3984)
	at javafx.graphics@21-ea/javafx.scene.Scene.processMouseEvent(Scene.java:1890)
	at javafx.graphics@21-ea/javafx.scene.Scene$ScenePeerListener.mouseEvent(Scene.java:2708)
	at javafx.graphics@21-ea/com.sun.javafx.tk.quantum.GlassViewEventHandler$MouseEventNotification.run(GlassViewEventHandler.java:411)
	at javafx.graphics@21-ea/com.sun.javafx.tk.quantum.GlassViewEventHandler$MouseEventNotification.run(GlassViewEventHandler.java:301)
	at java.base/java.security.AccessController.doPrivileged(AccessController.java:400)
	at javafx.graphics@21-ea/com.sun.javafx.tk.quantum.GlassViewEventHandler.lambda$handleMouseEvent$2(GlassViewEventHandler.java:450)
	at javafx.graphics@21-ea/com.sun.javafx.tk.quantum.QuantumToolkit.runWithoutRenderLock(QuantumToolkit.java:424)
	at javafx.graphics@21-ea/com.sun.javafx.tk.quantum.GlassViewEventHandler.handleMouseEvent(GlassViewEventHandler.java:449)
	at javafx.graphics@21-ea/com.sun.glass.ui.View.handleMouseEvent(View.java:551)
	at javafx.graphics@21-ea/com.sun.glass.ui.View.notifyMouse(View.java:937)
	at javafx.graphics@21-ea/com.sun.glass.ui.win.WinApplication._runLoop(Native Method)
	at javafx.graphics@21-ea/com.sun.glass.ui.win.WinApplication.lambda$runLoop$3(WinApplication.java:185)
	at java.base/java.lang.Thread.run(Thread.java:1583)
Caused by: java.net.ConnectException: Connection refused: no further information
	at java.base/sun.nio.ch.Net.pollConnect(Native Method)
	at java.base/sun.nio.ch.Net.pollConnectNow(Net.java:682)
	at java.base/sun.nio.ch.NioSocketImpl.timedFinishConnect(NioSocketImpl.java:542)
	at java.base/sun.nio.ch.NioSocketImpl.connect(NioSocketImpl.java:592)
	at java.base/java.net.SocksSocketImpl.connect(SocksSocketImpl.java:327)
	at java.base/java.net.Socket.connect(Socket.java:751)
	at org.h2.util.NetUtils.createSocket(NetUtils.java:135)
	at org.h2.util.NetUtils.createSocket(NetUtils.java:99)
	at org.h2.engine.SessionRemote.initTransfer(SessionRemote.java:130)
	at org.h2.engine.SessionRemote.connectServer(SessionRemote.java:438)
	... 62 common frames omitted
2024-02-12 20:16:49,961 ERROR [JavaFX Application Thread] c.r.p.u.DatabaseUtils [DatabaseUtils.java:35] SQL Exception while connecting to database: Connection is broken: "java.net.ConnectException: Connection refused: no further information: localhost" [90067-224]
org.h2.jdbc.JdbcSQLNonTransientConnectionException: Connection is broken: "java.net.ConnectException: Connection refused: no further information: localhost" [90067-224]
	at org.h2.message.DbException.getJdbcSQLException(DbException.java:690)
	at org.h2.message.DbException.getJdbcSQLException(DbException.java:489)
	at org.h2.message.DbException.get(DbException.java:212)
	at org.h2.engine.SessionRemote.connectServer(SessionRemote.java:442)
	at org.h2.engine.SessionRemote.connectEmbeddedOrServer(SessionRemote.java:330)
	at org.h2.jdbc.JdbcConnection.<init>(JdbcConnection.java:125)
	at org.h2.Driver.connect(Driver.java:59)
	at java.sql/java.sql.DriverManager.getConnection(DriverManager.java:683)
	at java.sql/java.sql.DriverManager.getConnection(DriverManager.java:230)
	at com.reception.projektkrivacic/com.reception.projektkrivacic.utils.DatabaseUtils.connectToDatabase(DatabaseUtils.java:32)
	at com.reception.projektkrivacic/com.reception.projektkrivacic.utils.DatabaseUtils.getUser(DatabaseUtils.java:254)
	at com.reception.projektkrivacic/com.reception.projektkrivacic.controllers.LogInController.userLogin(LogInController.java:44)
	at java.base/jdk.internal.reflect.DirectMethodHandleAccessor.invoke(DirectMethodHandleAccessor.java:103)
	at java.base/java.lang.reflect.Method.invoke(Method.java:580)
	at com.sun.javafx.reflect.Trampoline.invoke(MethodUtil.java:72)
	at java.base/jdk.internal.reflect.DirectMethodHandleAccessor.invoke(DirectMethodHandleAccessor.java:103)
	at java.base/java.lang.reflect.Method.invoke(Method.java:580)
	at javafx.base@21-ea/com.sun.javafx.reflect.MethodUtil.invoke(MethodUtil.java:270)
	at javafx.fxml@21-ea/com.sun.javafx.fxml.MethodHelper.invoke(MethodHelper.java:84)
	at javafx.fxml@21-ea/javafx.fxml.FXMLLoader$MethodHandler.invoke(FXMLLoader.java:1855)
	at javafx.fxml@21-ea/javafx.fxml.FXMLLoader$ControllerMethodEventHandler.handle(FXMLLoader.java:1726)
	at javafx.base@21-ea/com.sun.javafx.event.CompositeEventHandler.dispatchBubblingEvent(CompositeEventHandler.java:86)
	at javafx.base@21-ea/com.sun.javafx.event.EventHandlerManager.dispatchBubblingEvent(EventHandlerManager.java:232)
	at javafx.base@21-ea/com.sun.javafx.event.EventHandlerManager.dispatchBubblingEvent(EventHandlerManager.java:189)
	at javafx.base@21-ea/com.sun.javafx.event.CompositeEventDispatcher.dispatchBubblingEvent(CompositeEventDispatcher.java:59)
	at javafx.base@21-ea/com.sun.javafx.event.BasicEventDispatcher.dispatchEvent(BasicEventDispatcher.java:58)
	at javafx.base@21-ea/com.sun.javafx.event.EventDispatchChainImpl.dispatchEvent(EventDispatchChainImpl.java:114)
	at javafx.base@21-ea/com.sun.javafx.event.BasicEventDispatcher.dispatchEvent(BasicEventDispatcher.java:56)
	at javafx.base@21-ea/com.sun.javafx.event.EventDispatchChainImpl.dispatchEvent(EventDispatchChainImpl.java:114)
	at javafx.base@21-ea/com.sun.javafx.event.BasicEventDispatcher.dispatchEvent(BasicEventDispatcher.java:56)
	at javafx.base@21-ea/com.sun.javafx.event.EventDispatchChainImpl.dispatchEvent(EventDispatchChainImpl.java:114)
	at javafx.base@21-ea/com.sun.javafx.event.EventUtil.fireEventImpl(EventUtil.java:74)
	at javafx.base@21-ea/com.sun.javafx.event.EventUtil.fireEvent(EventUtil.java:49)
	at javafx.base@21-ea/javafx.event.Event.fireEvent(Event.java:198)
	at javafx.graphics@21-ea/javafx.scene.Node.fireEvent(Node.java:8875)
	at javafx.controls@21-ea/javafx.scene.control.Button.fire(Button.java:203)
	at javafx.controls@21-ea/com.sun.javafx.scene.control.behavior.ButtonBehavior.mouseReleased(ButtonBehavior.java:207)
	at javafx.controls@21-ea/com.sun.javafx.scene.control.inputmap.InputMap.handle(InputMap.java:274)
	at javafx.base@21-ea/com.sun.javafx.event.CompositeEventHandler$NormalEventHandlerRecord.handleBubblingEvent(CompositeEventHandler.java:247)
	at javafx.base@21-ea/com.sun.javafx.event.CompositeEventHandler.dispatchBubblingEvent(CompositeEventHandler.java:80)
	at javafx.base@21-ea/com.sun.javafx.event.EventHandlerManager.dispatchBubblingEvent(EventHandlerManager.java:232)
	at javafx.base@21-ea/com.sun.javafx.event.EventHandlerManager.dispatchBubblingEvent(EventHandlerManager.java:189)
	at javafx.base@21-ea/com.sun.javafx.event.CompositeEventDispatcher.dispatchBubblingEvent(CompositeEventDispatcher.java:59)
	at javafx.base@21-ea/com.sun.javafx.event.BasicEventDispatcher.dispatchEvent(BasicEventDispatcher.java:58)
	at javafx.base@21-ea/com.sun.javafx.event.EventDispatchChainImpl.dispatchEvent(EventDispatchChainImpl.java:114)
	at javafx.base@21-ea/com.sun.javafx.event.BasicEventDispatcher.dispatchEvent(BasicEventDispatcher.java:56)
	at javafx.base@21-ea/com.sun.javafx.event.EventDispatchChainImpl.dispatchEvent(EventDispatchChainImpl.java:114)
	at javafx.base@21-ea/com.sun.javafx.event.BasicEventDispatcher.dispatchEvent(BasicEventDispatcher.java:56)
	at javafx.base@21-ea/com.sun.javafx.event.EventDispatchChainImpl.dispatchEvent(EventDispatchChainImpl.java:114)
	at javafx.base@21-ea/com.sun.javafx.event.EventUtil.fireEventImpl(EventUtil.java:74)
	at javafx.base@21-ea/com.sun.javafx.event.EventUtil.fireEvent(EventUtil.java:54)
	at javafx.base@21-ea/javafx.event.Event.fireEvent(Event.java:198)
	at javafx.graphics@21-ea/javafx.scene.Scene$MouseHandler.process(Scene.java:3984)
	at javafx.graphics@21-ea/javafx.scene.Scene.processMouseEvent(Scene.java:1890)
	at javafx.graphics@21-ea/javafx.scene.Scene$ScenePeerListener.mouseEvent(Scene.java:2708)
	at javafx.graphics@21-ea/com.sun.javafx.tk.quantum.GlassViewEventHandler$MouseEventNotification.run(GlassViewEventHandler.java:411)
	at javafx.graphics@21-ea/com.sun.javafx.tk.quantum.GlassViewEventHandler$MouseEventNotification.run(GlassViewEventHandler.java:301)
	at java.base/java.security.AccessController.doPrivileged(AccessController.java:400)
	at javafx.graphics@21-ea/com.sun.javafx.tk.quantum.GlassViewEventHandler.lambda$handleMouseEvent$2(GlassViewEventHandler.java:450)
	at javafx.graphics@21-ea/com.sun.javafx.tk.quantum.QuantumToolkit.runWithoutRenderLock(QuantumToolkit.java:424)
	at javafx.graphics@21-ea/com.sun.javafx.tk.quantum.GlassViewEventHandler.handleMouseEvent(GlassViewEventHandler.java:449)
	at javafx.graphics@21-ea/com.sun.glass.ui.View.handleMouseEvent(View.java:551)
	at javafx.graphics@21-ea/com.sun.glass.ui.View.notifyMouse(View.java:937)
	at javafx.graphics@21-ea/com.sun.glass.ui.win.WinApplication._runLoop(Native Method)
	at javafx.graphics@21-ea/com.sun.glass.ui.win.WinApplication.lambda$runLoop$3(WinApplication.java:185)
	at java.base/java.lang.Thread.run(Thread.java:1583)
Caused by: java.net.ConnectException: Connection refused: no further information
	at java.base/sun.nio.ch.Net.pollConnect(Native Method)
	at java.base/sun.nio.ch.Net.pollConnectNow(Net.java:682)
	at java.base/sun.nio.ch.NioSocketImpl.timedFinishConnect(NioSocketImpl.java:542)
	at java.base/sun.nio.ch.NioSocketImpl.connect(NioSocketImpl.java:592)
	at java.base/java.net.SocksSocketImpl.connect(SocksSocketImpl.java:327)
	at java.base/java.net.Socket.connect(Socket.java:751)
	at org.h2.util.NetUtils.createSocket(NetUtils.java:135)
	at org.h2.util.NetUtils.createSocket(NetUtils.java:99)
	at org.h2.engine.SessionRemote.initTransfer(SessionRemote.java:130)
	at org.h2.engine.SessionRemote.connectServer(SessionRemote.java:438)
	... 62 common frames omitted
2024-02-12 20:20:19,596 INFO [JavaFX Application Thread] c.r.p.MainApplication [MainApplication.java:29] Application started
2024-02-12 20:29:14,629 INFO [JavaFX Application Thread] c.r.p.MainApplication [MainApplication.java:29] Application started
2024-02-12 20:29:19,077 ERROR [JavaFX Application Thread] c.r.p.u.DatabaseUtils [DatabaseUtils.java:35] SQL Exception while connecting to database: Connection is broken: "java.net.ConnectException: Connection refused: no further information: localhost" [90067-224]
org.h2.jdbc.JdbcSQLNonTransientConnectionException: Connection is broken: "java.net.ConnectException: Connection refused: no further information: localhost" [90067-224]
	at org.h2.message.DbException.getJdbcSQLException(DbException.java:690)
	at org.h2.message.DbException.getJdbcSQLException(DbException.java:489)
	at org.h2.message.DbException.get(DbException.java:212)
	at org.h2.engine.SessionRemote.connectServer(SessionRemote.java:442)
	at org.h2.engine.SessionRemote.connectEmbeddedOrServer(SessionRemote.java:330)
	at org.h2.jdbc.JdbcConnection.<init>(JdbcConnection.java:125)
	at org.h2.Driver.connect(Driver.java:59)
	at java.sql/java.sql.DriverManager.getConnection(DriverManager.java:683)
	at java.sql/java.sql.DriverManager.getConnection(DriverManager.java:230)
	at com.reception.projektkrivacic/com.reception.projektkrivacic.utils.DatabaseUtils.connectToDatabase(DatabaseUtils.java:32)
	at com.reception.projektkrivacic/com.reception.projektkrivacic.utils.DatabaseUtils.getUser(DatabaseUtils.java:254)
	at com.reception.projektkrivacic/com.reception.projektkrivacic.controllers.LogInController.userLogin(LogInController.java:44)
	at java.base/jdk.internal.reflect.DirectMethodHandleAccessor.invoke(DirectMethodHandleAccessor.java:103)
	at java.base/java.lang.reflect.Method.invoke(Method.java:580)
	at com.sun.javafx.reflect.Trampoline.invoke(MethodUtil.java:72)
	at java.base/jdk.internal.reflect.DirectMethodHandleAccessor.invoke(DirectMethodHandleAccessor.java:103)
	at java.base/java.lang.reflect.Method.invoke(Method.java:580)
	at javafx.base@21-ea/com.sun.javafx.reflect.MethodUtil.invoke(MethodUtil.java:270)
	at javafx.fxml@21-ea/com.sun.javafx.fxml.MethodHelper.invoke(MethodHelper.java:84)
	at javafx.fxml@21-ea/javafx.fxml.FXMLLoader$MethodHandler.invoke(FXMLLoader.java:1855)
	at javafx.fxml@21-ea/javafx.fxml.FXMLLoader$ControllerMethodEventHandler.handle(FXMLLoader.java:1726)
	at javafx.base@21-ea/com.sun.javafx.event.CompositeEventHandler.dispatchBubblingEvent(CompositeEventHandler.java:86)
	at javafx.base@21-ea/com.sun.javafx.event.EventHandlerManager.dispatchBubblingEvent(EventHandlerManager.java:232)
	at javafx.base@21-ea/com.sun.javafx.event.EventHandlerManager.dispatchBubblingEvent(EventHandlerManager.java:189)
	at javafx.base@21-ea/com.sun.javafx.event.CompositeEventDispatcher.dispatchBubblingEvent(CompositeEventDispatcher.java:59)
	at javafx.base@21-ea/com.sun.javafx.event.BasicEventDispatcher.dispatchEvent(BasicEventDispatcher.java:58)
	at javafx.base@21-ea/com.sun.javafx.event.EventDispatchChainImpl.dispatchEvent(EventDispatchChainImpl.java:114)
	at javafx.base@21-ea/com.sun.javafx.event.BasicEventDispatcher.dispatchEvent(BasicEventDispatcher.java:56)
	at javafx.base@21-ea/com.sun.javafx.event.EventDispatchChainImpl.dispatchEvent(EventDispatchChainImpl.java:114)
	at javafx.base@21-ea/com.sun.javafx.event.BasicEventDispatcher.dispatchEvent(BasicEventDispatcher.java:56)
	at javafx.base@21-ea/com.sun.javafx.event.EventDispatchChainImpl.dispatchEvent(EventDispatchChainImpl.java:114)
	at javafx.base@21-ea/com.sun.javafx.event.EventUtil.fireEventImpl(EventUtil.java:74)
	at javafx.base@21-ea/com.sun.javafx.event.EventUtil.fireEvent(EventUtil.java:49)
	at javafx.base@21-ea/javafx.event.Event.fireEvent(Event.java:198)
	at javafx.graphics@21-ea/javafx.scene.Node.fireEvent(Node.java:8875)
	at javafx.controls@21-ea/javafx.scene.control.Button.fire(Button.java:203)
	at javafx.controls@21-ea/com.sun.javafx.scene.control.behavior.ButtonBehavior.mouseReleased(ButtonBehavior.java:207)
	at javafx.controls@21-ea/com.sun.javafx.scene.control.inputmap.InputMap.handle(InputMap.java:274)
	at javafx.base@21-ea/com.sun.javafx.event.CompositeEventHandler$NormalEventHandlerRecord.handleBubblingEvent(CompositeEventHandler.java:247)
	at javafx.base@21-ea/com.sun.javafx.event.CompositeEventHandler.dispatchBubblingEvent(CompositeEventHandler.java:80)
	at javafx.base@21-ea/com.sun.javafx.event.EventHandlerManager.dispatchBubblingEvent(EventHandlerManager.java:232)
	at javafx.base@21-ea/com.sun.javafx.event.EventHandlerManager.dispatchBubblingEvent(EventHandlerManager.java:189)
	at javafx.base@21-ea/com.sun.javafx.event.CompositeEventDispatcher.dispatchBubblingEvent(CompositeEventDispatcher.java:59)
	at javafx.base@21-ea/com.sun.javafx.event.BasicEventDispatcher.dispatchEvent(BasicEventDispatcher.java:58)
	at javafx.base@21-ea/com.sun.javafx.event.EventDispatchChainImpl.dispatchEvent(EventDispatchChainImpl.java:114)
	at javafx.base@21-ea/com.sun.javafx.event.BasicEventDispatcher.dispatchEvent(BasicEventDispatcher.java:56)
	at javafx.base@21-ea/com.sun.javafx.event.EventDispatchChainImpl.dispatchEvent(EventDispatchChainImpl.java:114)
	at javafx.base@21-ea/com.sun.javafx.event.BasicEventDispatcher.dispatchEvent(BasicEventDispatcher.java:56)
	at javafx.base@21-ea/com.sun.javafx.event.EventDispatchChainImpl.dispatchEvent(EventDispatchChainImpl.java:114)
	at javafx.base@21-ea/com.sun.javafx.event.EventUtil.fireEventImpl(EventUtil.java:74)
	at javafx.base@21-ea/com.sun.javafx.event.EventUtil.fireEvent(EventUtil.java:54)
	at javafx.base@21-ea/javafx.event.Event.fireEvent(Event.java:198)
	at javafx.graphics@21-ea/javafx.scene.Scene$MouseHandler.process(Scene.java:3984)
	at javafx.graphics@21-ea/javafx.scene.Scene.processMouseEvent(Scene.java:1890)
	at javafx.graphics@21-ea/javafx.scene.Scene$ScenePeerListener.mouseEvent(Scene.java:2708)
	at javafx.graphics@21-ea/com.sun.javafx.tk.quantum.GlassViewEventHandler$MouseEventNotification.run(GlassViewEventHandler.java:411)
	at javafx.graphics@21-ea/com.sun.javafx.tk.quantum.GlassViewEventHandler$MouseEventNotification.run(GlassViewEventHandler.java:301)
	at java.base/java.security.AccessController.doPrivileged(AccessController.java:400)
	at javafx.graphics@21-ea/com.sun.javafx.tk.quantum.GlassViewEventHandler.lambda$handleMouseEvent$2(GlassViewEventHandler.java:450)
	at javafx.graphics@21-ea/com.sun.javafx.tk.quantum.QuantumToolkit.runWithoutRenderLock(QuantumToolkit.java:424)
	at javafx.graphics@21-ea/com.sun.javafx.tk.quantum.GlassViewEventHandler.handleMouseEvent(GlassViewEventHandler.java:449)
	at javafx.graphics@21-ea/com.sun.glass.ui.View.handleMouseEvent(View.java:551)
	at javafx.graphics@21-ea/com.sun.glass.ui.View.notifyMouse(View.java:937)
	at javafx.graphics@21-ea/com.sun.glass.ui.win.WinApplication._runLoop(Native Method)
	at javafx.graphics@21-ea/com.sun.glass.ui.win.WinApplication.lambda$runLoop$3(WinApplication.java:185)
	at java.base/java.lang.Thread.run(Thread.java:1583)
Caused by: java.net.ConnectException: Connection refused: no further information
	at java.base/sun.nio.ch.Net.pollConnect(Native Method)
	at java.base/sun.nio.ch.Net.pollConnectNow(Net.java:682)
	at java.base/sun.nio.ch.NioSocketImpl.timedFinishConnect(NioSocketImpl.java:542)
	at java.base/sun.nio.ch.NioSocketImpl.connect(NioSocketImpl.java:592)
	at java.base/java.net.SocksSocketImpl.connect(SocksSocketImpl.java:327)
	at java.base/java.net.Socket.connect(Socket.java:751)
	at org.h2.util.NetUtils.createSocket(NetUtils.java:135)
	at org.h2.util.NetUtils.createSocket(NetUtils.java:99)
	at org.h2.engine.SessionRemote.initTransfer(SessionRemote.java:130)
	at org.h2.engine.SessionRemote.connectServer(SessionRemote.java:438)
	... 62 common frames omitted
2024-02-12 20:29:20,380 ERROR [JavaFX Application Thread] c.r.p.u.DatabaseUtils [DatabaseUtils.java:35] SQL Exception while connecting to database: Connection is broken: "java.net.ConnectException: Connection refused: no further information: localhost" [90067-224]
org.h2.jdbc.JdbcSQLNonTransientConnectionException: Connection is broken: "java.net.ConnectException: Connection refused: no further information: localhost" [90067-224]
	at org.h2.message.DbException.getJdbcSQLException(DbException.java:690)
	at org.h2.message.DbException.getJdbcSQLException(DbException.java:489)
	at org.h2.message.DbException.get(DbException.java:212)
	at org.h2.engine.SessionRemote.connectServer(SessionRemote.java:442)
	at org.h2.engine.SessionRemote.connectEmbeddedOrServer(SessionRemote.java:330)
	at org.h2.jdbc.JdbcConnection.<init>(JdbcConnection.java:125)
	at org.h2.Driver.connect(Driver.java:59)
	at java.sql/java.sql.DriverManager.getConnection(DriverManager.java:683)
	at java.sql/java.sql.DriverManager.getConnection(DriverManager.java:230)
	at com.reception.projektkrivacic/com.reception.projektkrivacic.utils.DatabaseUtils.connectToDatabase(DatabaseUtils.java:32)
	at com.reception.projektkrivacic/com.reception.projektkrivacic.utils.DatabaseUtils.getUser(DatabaseUtils.java:254)
	at com.reception.projektkrivacic/com.reception.projektkrivacic.controllers.LogInController.userLogin(LogInController.java:44)
	at java.base/jdk.internal.reflect.DirectMethodHandleAccessor.invoke(DirectMethodHandleAccessor.java:103)
	at java.base/java.lang.reflect.Method.invoke(Method.java:580)
	at com.sun.javafx.reflect.Trampoline.invoke(MethodUtil.java:72)
	at java.base/jdk.internal.reflect.DirectMethodHandleAccessor.invoke(DirectMethodHandleAccessor.java:103)
	at java.base/java.lang.reflect.Method.invoke(Method.java:580)
	at javafx.base@21-ea/com.sun.javafx.reflect.MethodUtil.invoke(MethodUtil.java:270)
	at javafx.fxml@21-ea/com.sun.javafx.fxml.MethodHelper.invoke(MethodHelper.java:84)
	at javafx.fxml@21-ea/javafx.fxml.FXMLLoader$MethodHandler.invoke(FXMLLoader.java:1855)
	at javafx.fxml@21-ea/javafx.fxml.FXMLLoader$ControllerMethodEventHandler.handle(FXMLLoader.java:1726)
	at javafx.base@21-ea/com.sun.javafx.event.CompositeEventHandler.dispatchBubblingEvent(CompositeEventHandler.java:86)
	at javafx.base@21-ea/com.sun.javafx.event.EventHandlerManager.dispatchBubblingEvent(EventHandlerManager.java:232)
	at javafx.base@21-ea/com.sun.javafx.event.EventHandlerManager.dispatchBubblingEvent(EventHandlerManager.java:189)
	at javafx.base@21-ea/com.sun.javafx.event.CompositeEventDispatcher.dispatchBubblingEvent(CompositeEventDispatcher.java:59)
	at javafx.base@21-ea/com.sun.javafx.event.BasicEventDispatcher.dispatchEvent(BasicEventDispatcher.java:58)
	at javafx.base@21-ea/com.sun.javafx.event.EventDispatchChainImpl.dispatchEvent(EventDispatchChainImpl.java:114)
	at javafx.base@21-ea/com.sun.javafx.event.BasicEventDispatcher.dispatchEvent(BasicEventDispatcher.java:56)
	at javafx.base@21-ea/com.sun.javafx.event.EventDispatchChainImpl.dispatchEvent(EventDispatchChainImpl.java:114)
	at javafx.base@21-ea/com.sun.javafx.event.BasicEventDispatcher.dispatchEvent(BasicEventDispatcher.java:56)
	at javafx.base@21-ea/com.sun.javafx.event.EventDispatchChainImpl.dispatchEvent(EventDispatchChainImpl.java:114)
	at javafx.base@21-ea/com.sun.javafx.event.EventUtil.fireEventImpl(EventUtil.java:74)
	at javafx.base@21-ea/com.sun.javafx.event.EventUtil.fireEvent(EventUtil.java:49)
	at javafx.base@21-ea/javafx.event.Event.fireEvent(Event.java:198)
	at javafx.graphics@21-ea/javafx.scene.Node.fireEvent(Node.java:8875)
	at javafx.controls@21-ea/javafx.scene.control.Button.fire(Button.java:203)
	at javafx.controls@21-ea/com.sun.javafx.scene.control.behavior.ButtonBehavior.mouseReleased(ButtonBehavior.java:207)
	at javafx.controls@21-ea/com.sun.javafx.scene.control.inputmap.InputMap.handle(InputMap.java:274)
	at javafx.base@21-ea/com.sun.javafx.event.CompositeEventHandler$NormalEventHandlerRecord.handleBubblingEvent(CompositeEventHandler.java:247)
	at javafx.base@21-ea/com.sun.javafx.event.CompositeEventHandler.dispatchBubblingEvent(CompositeEventHandler.java:80)
	at javafx.base@21-ea/com.sun.javafx.event.EventHandlerManager.dispatchBubblingEvent(EventHandlerManager.java:232)
	at javafx.base@21-ea/com.sun.javafx.event.EventHandlerManager.dispatchBubblingEvent(EventHandlerManager.java:189)
	at javafx.base@21-ea/com.sun.javafx.event.CompositeEventDispatcher.dispatchBubblingEvent(CompositeEventDispatcher.java:59)
	at javafx.base@21-ea/com.sun.javafx.event.BasicEventDispatcher.dispatchEvent(BasicEventDispatcher.java:58)
	at javafx.base@21-ea/com.sun.javafx.event.EventDispatchChainImpl.dispatchEvent(EventDispatchChainImpl.java:114)
	at javafx.base@21-ea/com.sun.javafx.event.BasicEventDispatcher.dispatchEvent(BasicEventDispatcher.java:56)
	at javafx.base@21-ea/com.sun.javafx.event.EventDispatchChainImpl.dispatchEvent(EventDispatchChainImpl.java:114)
	at javafx.base@21-ea/com.sun.javafx.event.BasicEventDispatcher.dispatchEvent(BasicEventDispatcher.java:56)
	at javafx.base@21-ea/com.sun.javafx.event.EventDispatchChainImpl.dispatchEvent(EventDispatchChainImpl.java:114)
	at javafx.base@21-ea/com.sun.javafx.event.EventUtil.fireEventImpl(EventUtil.java:74)
	at javafx.base@21-ea/com.sun.javafx.event.EventUtil.fireEvent(EventUtil.java:54)
	at javafx.base@21-ea/javafx.event.Event.fireEvent(Event.java:198)
	at javafx.graphics@21-ea/javafx.scene.Scene$MouseHandler.process(Scene.java:3984)
	at javafx.graphics@21-ea/javafx.scene.Scene.processMouseEvent(Scene.java:1890)
	at javafx.graphics@21-ea/javafx.scene.Scene$ScenePeerListener.mouseEvent(Scene.java:2708)
	at javafx.graphics@21-ea/com.sun.javafx.tk.quantum.GlassViewEventHandler$MouseEventNotification.run(GlassViewEventHandler.java:411)
	at javafx.graphics@21-ea/com.sun.javafx.tk.quantum.GlassViewEventHandler$MouseEventNotification.run(GlassViewEventHandler.java:301)
	at java.base/java.security.AccessController.doPrivileged(AccessController.java:400)
	at javafx.graphics@21-ea/com.sun.javafx.tk.quantum.GlassViewEventHandler.lambda$handleMouseEvent$2(GlassViewEventHandler.java:450)
	at javafx.graphics@21-ea/com.sun.javafx.tk.quantum.QuantumToolkit.runWithoutRenderLock(QuantumToolkit.java:424)
	at javafx.graphics@21-ea/com.sun.javafx.tk.quantum.GlassViewEventHandler.handleMouseEvent(GlassViewEventHandler.java:449)
	at javafx.graphics@21-ea/com.sun.glass.ui.View.handleMouseEvent(View.java:551)
	at javafx.graphics@21-ea/com.sun.glass.ui.View.notifyMouse(View.java:937)
	at javafx.graphics@21-ea/com.sun.glass.ui.win.WinApplication._runLoop(Native Method)
	at javafx.graphics@21-ea/com.sun.glass.ui.win.WinApplication.lambda$runLoop$3(WinApplication.java:185)
	at java.base/java.lang.Thread.run(Thread.java:1583)
Caused by: java.net.ConnectException: Connection refused: no further information
	at java.base/sun.nio.ch.Net.pollConnect(Native Method)
	at java.base/sun.nio.ch.Net.pollConnectNow(Net.java:682)
	at java.base/sun.nio.ch.NioSocketImpl.timedFinishConnect(NioSocketImpl.java:542)
	at java.base/sun.nio.ch.NioSocketImpl.connect(NioSocketImpl.java:592)
	at java.base/java.net.SocksSocketImpl.connect(SocksSocketImpl.java:327)
	at java.base/java.net.Socket.connect(Socket.java:751)
	at org.h2.util.NetUtils.createSocket(NetUtils.java:135)
	at org.h2.util.NetUtils.createSocket(NetUtils.java:99)
	at org.h2.engine.SessionRemote.initTransfer(SessionRemote.java:130)
	at org.h2.engine.SessionRemote.connectServer(SessionRemote.java:438)
	... 62 common frames omitted
2024-02-12 20:29:37,875 INFO [JavaFX Application Thread] c.r.p.MainApplication [MainApplication.java:29] Application started
2024-02-12 20:34:38,819 INFO [JavaFX Application Thread] c.r.p.MainApplication [MainApplication.java:29] Application started
2024-02-12 20:44:59,754 INFO [JavaFX Application Thread] c.r.p.MainApplication [MainApplication.java:29] Application started
2024-02-12 23:08:32,947 INFO [JavaFX Application Thread] c.r.p.MainApplication [MainApplication.java:29] Application started
2024-02-13 00:21:44,897 INFO [JavaFX Application Thread] c.r.p.MainApplication [MainApplication.java:29] Application started
2024-02-13 00:24:39,246 INFO [JavaFX Application Thread] c.r.p.MainApplication [MainApplication.java:29] Application started
2024-02-13 00:31:27,321 INFO [JavaFX Application Thread] c.r.p.MainApplication [MainApplication.java:29] Application started
2024-02-13 00:32:24,998 INFO [JavaFX Application Thread] c.r.p.MainApplication [MainApplication.java:29] Application started
2024-02-13 00:45:16,682 INFO [JavaFX Application Thread] c.r.p.MainApplication [MainApplication.java:29] Application started
2024-02-13 00:45:23,594 ERROR [JavaFX Application Thread] c.r.p.u.DatabaseUtils [DatabaseUtils.java:35] SQL Exception while connecting to database: Connection is broken: "java.net.ConnectException: Connection refused: no further information: localhost" [90067-224]
org.h2.jdbc.JdbcSQLNonTransientConnectionException: Connection is broken: "java.net.ConnectException: Connection refused: no further information: localhost" [90067-224]
	at org.h2.message.DbException.getJdbcSQLException(DbException.java:690)
	at org.h2.message.DbException.getJdbcSQLException(DbException.java:489)
	at org.h2.message.DbException.get(DbException.java:212)
	at org.h2.engine.SessionRemote.connectServer(SessionRemote.java:442)
	at org.h2.engine.SessionRemote.connectEmbeddedOrServer(SessionRemote.java:330)
	at org.h2.jdbc.JdbcConnection.<init>(JdbcConnection.java:125)
	at org.h2.Driver.connect(Driver.java:59)
	at java.sql/java.sql.DriverManager.getConnection(DriverManager.java:683)
	at java.sql/java.sql.DriverManager.getConnection(DriverManager.java:230)
	at com.reception.projektkrivacic/com.reception.projektkrivacic.utils.DatabaseUtils.connectToDatabase(DatabaseUtils.java:32)
	at com.reception.projektkrivacic/com.reception.projektkrivacic.utils.DatabaseUtils.getUser(DatabaseUtils.java:254)
	at com.reception.projektkrivacic/com.reception.projektkrivacic.controllers.LogInController.userLogin(LogInController.java:44)
	at java.base/jdk.internal.reflect.DirectMethodHandleAccessor.invoke(DirectMethodHandleAccessor.java:103)
	at java.base/java.lang.reflect.Method.invoke(Method.java:580)
	at com.sun.javafx.reflect.Trampoline.invoke(MethodUtil.java:72)
	at java.base/jdk.internal.reflect.DirectMethodHandleAccessor.invoke(DirectMethodHandleAccessor.java:103)
	at java.base/java.lang.reflect.Method.invoke(Method.java:580)
	at javafx.base@21-ea/com.sun.javafx.reflect.MethodUtil.invoke(MethodUtil.java:270)
	at javafx.fxml@21-ea/com.sun.javafx.fxml.MethodHelper.invoke(MethodHelper.java:84)
	at javafx.fxml@21-ea/javafx.fxml.FXMLLoader$MethodHandler.invoke(FXMLLoader.java:1855)
	at javafx.fxml@21-ea/javafx.fxml.FXMLLoader$ControllerMethodEventHandler.handle(FXMLLoader.java:1726)
	at javafx.base@21-ea/com.sun.javafx.event.CompositeEventHandler.dispatchBubblingEvent(CompositeEventHandler.java:86)
	at javafx.base@21-ea/com.sun.javafx.event.EventHandlerManager.dispatchBubblingEvent(EventHandlerManager.java:232)
	at javafx.base@21-ea/com.sun.javafx.event.EventHandlerManager.dispatchBubblingEvent(EventHandlerManager.java:189)
	at javafx.base@21-ea/com.sun.javafx.event.CompositeEventDispatcher.dispatchBubblingEvent(CompositeEventDispatcher.java:59)
	at javafx.base@21-ea/com.sun.javafx.event.BasicEventDispatcher.dispatchEvent(BasicEventDispatcher.java:58)
	at javafx.base@21-ea/com.sun.javafx.event.EventDispatchChainImpl.dispatchEvent(EventDispatchChainImpl.java:114)
	at javafx.base@21-ea/com.sun.javafx.event.BasicEventDispatcher.dispatchEvent(BasicEventDispatcher.java:56)
	at javafx.base@21-ea/com.sun.javafx.event.EventDispatchChainImpl.dispatchEvent(EventDispatchChainImpl.java:114)
	at javafx.base@21-ea/com.sun.javafx.event.BasicEventDispatcher.dispatchEvent(BasicEventDispatcher.java:56)
	at javafx.base@21-ea/com.sun.javafx.event.EventDispatchChainImpl.dispatchEvent(EventDispatchChainImpl.java:114)
	at javafx.base@21-ea/com.sun.javafx.event.EventUtil.fireEventImpl(EventUtil.java:74)
	at javafx.base@21-ea/com.sun.javafx.event.EventUtil.fireEvent(EventUtil.java:49)
	at javafx.base@21-ea/javafx.event.Event.fireEvent(Event.java:198)
	at javafx.graphics@21-ea/javafx.scene.Node.fireEvent(Node.java:8875)
	at javafx.controls@21-ea/javafx.scene.control.Button.fire(Button.java:203)
	at javafx.controls@21-ea/com.sun.javafx.scene.control.behavior.ButtonBehavior.mouseReleased(ButtonBehavior.java:207)
	at javafx.controls@21-ea/com.sun.javafx.scene.control.inputmap.InputMap.handle(InputMap.java:274)
	at javafx.base@21-ea/com.sun.javafx.event.CompositeEventHandler$NormalEventHandlerRecord.handleBubblingEvent(CompositeEventHandler.java:247)
	at javafx.base@21-ea/com.sun.javafx.event.CompositeEventHandler.dispatchBubblingEvent(CompositeEventHandler.java:80)
	at javafx.base@21-ea/com.sun.javafx.event.EventHandlerManager.dispatchBubblingEvent(EventHandlerManager.java:232)
	at javafx.base@21-ea/com.sun.javafx.event.EventHandlerManager.dispatchBubblingEvent(EventHandlerManager.java:189)
	at javafx.base@21-ea/com.sun.javafx.event.CompositeEventDispatcher.dispatchBubblingEvent(CompositeEventDispatcher.java:59)
	at javafx.base@21-ea/com.sun.javafx.event.BasicEventDispatcher.dispatchEvent(BasicEventDispatcher.java:58)
	at javafx.base@21-ea/com.sun.javafx.event.EventDispatchChainImpl.dispatchEvent(EventDispatchChainImpl.java:114)
	at javafx.base@21-ea/com.sun.javafx.event.BasicEventDispatcher.dispatchEvent(BasicEventDispatcher.java:56)
	at javafx.base@21-ea/com.sun.javafx.event.EventDispatchChainImpl.dispatchEvent(EventDispatchChainImpl.java:114)
	at javafx.base@21-ea/com.sun.javafx.event.BasicEventDispatcher.dispatchEvent(BasicEventDispatcher.java:56)
	at javafx.base@21-ea/com.sun.javafx.event.EventDispatchChainImpl.dispatchEvent(EventDispatchChainImpl.java:114)
	at javafx.base@21-ea/com.sun.javafx.event.EventUtil.fireEventImpl(EventUtil.java:74)
	at javafx.base@21-ea/com.sun.javafx.event.EventUtil.fireEvent(EventUtil.java:54)
	at javafx.base@21-ea/javafx.event.Event.fireEvent(Event.java:198)
	at javafx.graphics@21-ea/javafx.scene.Scene$MouseHandler.process(Scene.java:3984)
	at javafx.graphics@21-ea/javafx.scene.Scene.processMouseEvent(Scene.java:1890)
	at javafx.graphics@21-ea/javafx.scene.Scene$ScenePeerListener.mouseEvent(Scene.java:2708)
	at javafx.graphics@21-ea/com.sun.javafx.tk.quantum.GlassViewEventHandler$MouseEventNotification.run(GlassViewEventHandler.java:411)
	at javafx.graphics@21-ea/com.sun.javafx.tk.quantum.GlassViewEventHandler$MouseEventNotification.run(GlassViewEventHandler.java:301)
	at java.base/java.security.AccessController.doPrivileged(AccessController.java:400)
	at javafx.graphics@21-ea/com.sun.javafx.tk.quantum.GlassViewEventHandler.lambda$handleMouseEvent$2(GlassViewEventHandler.java:450)
	at javafx.graphics@21-ea/com.sun.javafx.tk.quantum.QuantumToolkit.runWithoutRenderLock(QuantumToolkit.java:424)
	at javafx.graphics@21-ea/com.sun.javafx.tk.quantum.GlassViewEventHandler.handleMouseEvent(GlassViewEventHandler.java:449)
	at javafx.graphics@21-ea/com.sun.glass.ui.View.handleMouseEvent(View.java:551)
	at javafx.graphics@21-ea/com.sun.glass.ui.View.notifyMouse(View.java:937)
	at javafx.graphics@21-ea/com.sun.glass.ui.win.WinApplication._runLoop(Native Method)
	at javafx.graphics@21-ea/com.sun.glass.ui.win.WinApplication.lambda$runLoop$3(WinApplication.java:185)
	at java.base/java.lang.Thread.run(Thread.java:1583)
Caused by: java.net.ConnectException: Connection refused: no further information
	at java.base/sun.nio.ch.Net.pollConnect(Native Method)
	at java.base/sun.nio.ch.Net.pollConnectNow(Net.java:682)
	at java.base/sun.nio.ch.NioSocketImpl.timedFinishConnect(NioSocketImpl.java:542)
	at java.base/sun.nio.ch.NioSocketImpl.connect(NioSocketImpl.java:592)
	at java.base/java.net.SocksSocketImpl.connect(SocksSocketImpl.java:327)
	at java.base/java.net.Socket.connect(Socket.java:751)
	at org.h2.util.NetUtils.createSocket(NetUtils.java:135)
	at org.h2.util.NetUtils.createSocket(NetUtils.java:99)
	at org.h2.engine.SessionRemote.initTransfer(SessionRemote.java:130)
	at org.h2.engine.SessionRemote.connectServer(SessionRemote.java:438)
	... 62 common frames omitted
2024-02-13 00:45:24,940 ERROR [JavaFX Application Thread] c.r.p.u.DatabaseUtils [DatabaseUtils.java:35] SQL Exception while connecting to database: Connection is broken: "java.net.ConnectException: Connection refused: no further information: localhost" [90067-224]
org.h2.jdbc.JdbcSQLNonTransientConnectionException: Connection is broken: "java.net.ConnectException: Connection refused: no further information: localhost" [90067-224]
	at org.h2.message.DbException.getJdbcSQLException(DbException.java:690)
	at org.h2.message.DbException.getJdbcSQLException(DbException.java:489)
	at org.h2.message.DbException.get(DbException.java:212)
	at org.h2.engine.SessionRemote.connectServer(SessionRemote.java:442)
	at org.h2.engine.SessionRemote.connectEmbeddedOrServer(SessionRemote.java:330)
	at org.h2.jdbc.JdbcConnection.<init>(JdbcConnection.java:125)
	at org.h2.Driver.connect(Driver.java:59)
	at java.sql/java.sql.DriverManager.getConnection(DriverManager.java:683)
	at java.sql/java.sql.DriverManager.getConnection(DriverManager.java:230)
	at com.reception.projektkrivacic/com.reception.projektkrivacic.utils.DatabaseUtils.connectToDatabase(DatabaseUtils.java:32)
	at com.reception.projektkrivacic/com.reception.projektkrivacic.utils.DatabaseUtils.getUser(DatabaseUtils.java:254)
	at com.reception.projektkrivacic/com.reception.projektkrivacic.controllers.LogInController.userLogin(LogInController.java:44)
	at java.base/jdk.internal.reflect.DirectMethodHandleAccessor.invoke(DirectMethodHandleAccessor.java:103)
	at java.base/java.lang.reflect.Method.invoke(Method.java:580)
	at com.sun.javafx.reflect.Trampoline.invoke(MethodUtil.java:72)
	at java.base/jdk.internal.reflect.DirectMethodHandleAccessor.invoke(DirectMethodHandleAccessor.java:103)
	at java.base/java.lang.reflect.Method.invoke(Method.java:580)
	at javafx.base@21-ea/com.sun.javafx.reflect.MethodUtil.invoke(MethodUtil.java:270)
	at javafx.fxml@21-ea/com.sun.javafx.fxml.MethodHelper.invoke(MethodHelper.java:84)
	at javafx.fxml@21-ea/javafx.fxml.FXMLLoader$MethodHandler.invoke(FXMLLoader.java:1855)
	at javafx.fxml@21-ea/javafx.fxml.FXMLLoader$ControllerMethodEventHandler.handle(FXMLLoader.java:1726)
	at javafx.base@21-ea/com.sun.javafx.event.CompositeEventHandler.dispatchBubblingEvent(CompositeEventHandler.java:86)
	at javafx.base@21-ea/com.sun.javafx.event.EventHandlerManager.dispatchBubblingEvent(EventHandlerManager.java:232)
	at javafx.base@21-ea/com.sun.javafx.event.EventHandlerManager.dispatchBubblingEvent(EventHandlerManager.java:189)
	at javafx.base@21-ea/com.sun.javafx.event.CompositeEventDispatcher.dispatchBubblingEvent(CompositeEventDispatcher.java:59)
	at javafx.base@21-ea/com.sun.javafx.event.BasicEventDispatcher.dispatchEvent(BasicEventDispatcher.java:58)
	at javafx.base@21-ea/com.sun.javafx.event.EventDispatchChainImpl.dispatchEvent(EventDispatchChainImpl.java:114)
	at javafx.base@21-ea/com.sun.javafx.event.BasicEventDispatcher.dispatchEvent(BasicEventDispatcher.java:56)
	at javafx.base@21-ea/com.sun.javafx.event.EventDispatchChainImpl.dispatchEvent(EventDispatchChainImpl.java:114)
	at javafx.base@21-ea/com.sun.javafx.event.BasicEventDispatcher.dispatchEvent(BasicEventDispatcher.java:56)
	at javafx.base@21-ea/com.sun.javafx.event.EventDispatchChainImpl.dispatchEvent(EventDispatchChainImpl.java:114)
	at javafx.base@21-ea/com.sun.javafx.event.EventUtil.fireEventImpl(EventUtil.java:74)
	at javafx.base@21-ea/com.sun.javafx.event.EventUtil.fireEvent(EventUtil.java:49)
	at javafx.base@21-ea/javafx.event.Event.fireEvent(Event.java:198)
	at javafx.graphics@21-ea/javafx.scene.Node.fireEvent(Node.java:8875)
	at javafx.controls@21-ea/javafx.scene.control.Button.fire(Button.java:203)
	at javafx.controls@21-ea/com.sun.javafx.scene.control.behavior.ButtonBehavior.mouseReleased(ButtonBehavior.java:207)
	at javafx.controls@21-ea/com.sun.javafx.scene.control.inputmap.InputMap.handle(InputMap.java:274)
	at javafx.base@21-ea/com.sun.javafx.event.CompositeEventHandler$NormalEventHandlerRecord.handleBubblingEvent(CompositeEventHandler.java:247)
	at javafx.base@21-ea/com.sun.javafx.event.CompositeEventHandler.dispatchBubblingEvent(CompositeEventHandler.java:80)
	at javafx.base@21-ea/com.sun.javafx.event.EventHandlerManager.dispatchBubblingEvent(EventHandlerManager.java:232)
	at javafx.base@21-ea/com.sun.javafx.event.EventHandlerManager.dispatchBubblingEvent(EventHandlerManager.java:189)
	at javafx.base@21-ea/com.sun.javafx.event.CompositeEventDispatcher.dispatchBubblingEvent(CompositeEventDispatcher.java:59)
	at javafx.base@21-ea/com.sun.javafx.event.BasicEventDispatcher.dispatchEvent(BasicEventDispatcher.java:58)
	at javafx.base@21-ea/com.sun.javafx.event.EventDispatchChainImpl.dispatchEvent(EventDispatchChainImpl.java:114)
	at javafx.base@21-ea/com.sun.javafx.event.BasicEventDispatcher.dispatchEvent(BasicEventDispatcher.java:56)
	at javafx.base@21-ea/com.sun.javafx.event.EventDispatchChainImpl.dispatchEvent(EventDispatchChainImpl.java:114)
	at javafx.base@21-ea/com.sun.javafx.event.BasicEventDispatcher.dispatchEvent(BasicEventDispatcher.java:56)
	at javafx.base@21-ea/com.sun.javafx.event.EventDispatchChainImpl.dispatchEvent(EventDispatchChainImpl.java:114)
	at javafx.base@21-ea/com.sun.javafx.event.EventUtil.fireEventImpl(EventUtil.java:74)
	at javafx.base@21-ea/com.sun.javafx.event.EventUtil.fireEvent(EventUtil.java:54)
	at javafx.base@21-ea/javafx.event.Event.fireEvent(Event.java:198)
	at javafx.graphics@21-ea/javafx.scene.Scene$MouseHandler.process(Scene.java:3984)
	at javafx.graphics@21-ea/javafx.scene.Scene.processMouseEvent(Scene.java:1890)
	at javafx.graphics@21-ea/javafx.scene.Scene$ScenePeerListener.mouseEvent(Scene.java:2708)
	at javafx.graphics@21-ea/com.sun.javafx.tk.quantum.GlassViewEventHandler$MouseEventNotification.run(GlassViewEventHandler.java:411)
	at javafx.graphics@21-ea/com.sun.javafx.tk.quantum.GlassViewEventHandler$MouseEventNotification.run(GlassViewEventHandler.java:301)
	at java.base/java.security.AccessController.doPrivileged(AccessController.java:400)
	at javafx.graphics@21-ea/com.sun.javafx.tk.quantum.GlassViewEventHandler.lambda$handleMouseEvent$2(GlassViewEventHandler.java:450)
	at javafx.graphics@21-ea/com.sun.javafx.tk.quantum.QuantumToolkit.runWithoutRenderLock(QuantumToolkit.java:424)
	at javafx.graphics@21-ea/com.sun.javafx.tk.quantum.GlassViewEventHandler.handleMouseEvent(GlassViewEventHandler.java:449)
	at javafx.graphics@21-ea/com.sun.glass.ui.View.handleMouseEvent(View.java:551)
	at javafx.graphics@21-ea/com.sun.glass.ui.View.notifyMouse(View.java:937)
	at javafx.graphics@21-ea/com.sun.glass.ui.win.WinApplication._runLoop(Native Method)
	at javafx.graphics@21-ea/com.sun.glass.ui.win.WinApplication.lambda$runLoop$3(WinApplication.java:185)
	at java.base/java.lang.Thread.run(Thread.java:1583)
Caused by: java.net.ConnectException: Connection refused: no further information
	at java.base/sun.nio.ch.Net.pollConnect(Native Method)
	at java.base/sun.nio.ch.Net.pollConnectNow(Net.java:682)
	at java.base/sun.nio.ch.NioSocketImpl.timedFinishConnect(NioSocketImpl.java:542)
	at java.base/sun.nio.ch.NioSocketImpl.connect(NioSocketImpl.java:592)
	at java.base/java.net.SocksSocketImpl.connect(SocksSocketImpl.java:327)
	at java.base/java.net.Socket.connect(Socket.java:751)
	at org.h2.util.NetUtils.createSocket(NetUtils.java:135)
	at org.h2.util.NetUtils.createSocket(NetUtils.java:99)
	at org.h2.engine.SessionRemote.initTransfer(SessionRemote.java:130)
	at org.h2.engine.SessionRemote.connectServer(SessionRemote.java:438)
	... 62 common frames omitted
2024-02-13 11:50:59,554 INFO [JavaFX Application Thread] c.r.p.MainApplication [MainApplication.java:29] Application started
2024-02-13 12:00:02,943 INFO [JavaFX Application Thread] c.r.p.MainApplication [MainApplication.java:29] Application started
2024-02-13 12:06:25,283 INFO [JavaFX Application Thread] c.r.p.MainApplication [MainApplication.java:29] Application started
2024-02-13 12:06:47,618 INFO [JavaFX Application Thread] c.r.p.MainApplication [MainApplication.java:29] Application started
2024-02-13 12:29:59,220 INFO [JavaFX Application Thread] c.r.p.MainApplication [MainApplication.java:29] Application started
2024-02-13 13:11:18,476 INFO [JavaFX Application Thread] c.r.p.MainApplication [MainApplication.java:29] Application started
2024-02-13 13:13:53,502 ERROR [JavaFX Application Thread] c.r.p.u.DatabaseUtils [DatabaseUtils.java:57] Error while writing to database!Referential integrity constraint violation: "CONSTRAINT_C6: PUBLIC.USER_TABLE FOREIGN KEY(ADDRESS_ID) REFERENCES PUBLIC.ADDRESS(ID) (CAST(40 AS BIGINT))"; SQL statement:
INSERT INTO USER_TABLE (USERNAME, ISANEMPLOYEE, FIRST_NAME, LAST_NAME, ADDRESS_ID) VALUES (?, ?, ?, ?, ?) [23506-224]
2024-02-13 13:18:57,782 INFO [JavaFX Application Thread] c.r.p.MainApplication [MainApplication.java:29] Application started
2024-02-13 13:20:13,625 INFO [JavaFX Application Thread] c.r.p.MainApplication [MainApplication.java:29] Application started
2024-02-13 13:23:47,533 INFO [JavaFX Application Thread] c.r.p.MainApplication [MainApplication.java:29] Application started
2024-02-13 16:26:29,241 INFO [JavaFX Application Thread] c.r.p.MainApplication [MainApplication.java:29] Application started
2024-02-13 16:30:06,845 INFO [JavaFX Application Thread] c.r.p.MainApplication [MainApplication.java:29] Application started
2024-02-13 16:33:17,804 INFO [JavaFX Application Thread] c.r.p.MainApplication [MainApplication.java:29] Application started
2024-02-13 16:37:35,871 INFO [JavaFX Application Thread] c.r.p.MainApplication [MainApplication.java:29] Application started
2024-02-13 16:38:44,334 INFO [JavaFX Application Thread] c.r.p.MainApplication [MainApplication.java:29] Application started
2024-02-13 16:41:51,341 INFO [JavaFX Application Thread] c.r.p.MainApplication [MainApplication.java:29] Application started
2024-02-13 16:42:16,768 INFO [JavaFX Application Thread] c.r.p.MainApplication [MainApplication.java:29] Application started
2024-02-13 16:45:25,506 INFO [JavaFX Application Thread] c.r.p.MainApplication [MainApplication.java:29] Application started
2024-02-13 16:47:02,644 INFO [JavaFX Application Thread] c.r.p.MainApplication [MainApplication.java:29] Application started
2024-02-13 16:47:42,855 INFO [JavaFX Application Thread] c.r.p.MainApplication [MainApplication.java:29] Application started
2024-02-13 17:12:48,391 INFO [JavaFX Application Thread] c.r.p.MainApplication [MainApplication.java:29] Application started
2024-02-13 17:15:34,796 INFO [JavaFX Application Thread] c.r.p.MainApplication [MainApplication.java:29] Application started
2024-02-13 17:20:30,494 INFO [JavaFX Application Thread] c.r.p.MainApplication [MainApplication.java:29] Application started
2024-02-13 17:31:17,403 INFO [JavaFX Application Thread] c.r.p.MainApplication [MainApplication.java:29] Application started
2024-02-13 17:33:29,676 INFO [JavaFX Application Thread] c.r.p.MainApplication [MainApplication.java:29] Application started
2024-02-13 17:35:33,566 INFO [JavaFX Application Thread] c.r.p.MainApplication [MainApplication.java:29] Application started
2024-02-13 17:42:42,546 INFO [JavaFX Application Thread] c.r.p.MainApplication [MainApplication.java:29] Application started
2024-02-13 17:43:56,396 INFO [JavaFX Application Thread] c.r.p.MainApplication [MainApplication.java:29] Application started
2024-02-13 17:45:48,856 INFO [JavaFX Application Thread] c.r.p.MainApplication [MainApplication.java:29] Application started
2024-02-13 18:40:00,255 INFO [JavaFX Application Thread] c.r.p.MainApplication [MainApplication.java:29] Application started
2024-02-13 22:44:35,405 INFO [JavaFX Application Thread] c.r.p.MainApplication [MainApplication.java:29] Application started
2024-02-13 22:47:45,859 INFO [JavaFX Application Thread] c.r.p.MainApplication [MainApplication.java:29] Application started
2024-02-13 22:51:49,329 INFO [JavaFX Application Thread] c.r.p.MainApplication [MainApplication.java:29] Application started
2024-02-13 22:52:46,703 INFO [JavaFX Application Thread] c.r.p.MainApplication [MainApplication.java:29] Application started
2024-02-13 22:55:12,921 INFO [JavaFX Application Thread] c.r.p.MainApplication [MainApplication.java:29] Application started
2024-02-13 22:58:28,912 INFO [JavaFX Application Thread] c.r.p.MainApplication [MainApplication.java:29] Application started
2024-02-13 23:01:42,814 INFO [JavaFX Application Thread] c.r.p.MainApplication [MainApplication.java:29] Application started
2024-02-13 23:06:14,648 INFO [JavaFX Application Thread] c.r.p.MainApplication [MainApplication.java:29] Application started
2024-02-13 23:06:37,940 INFO [JavaFX Application Thread] c.r.p.MainApplication [MainApplication.java:29] Application started
2024-02-13 23:07:08,461 INFO [JavaFX Application Thread] c.r.p.MainApplication [MainApplication.java:29] Application started
2024-02-13 23:12:58,015 INFO [JavaFX Application Thread] c.r.p.MainApplication [MainApplication.java:29] Application started
2024-02-13 23:13:27,372 INFO [JavaFX Application Thread] c.r.p.MainApplication [MainApplication.java:29] Application started
2024-02-13 23:13:49,565 INFO [JavaFX Application Thread] c.r.p.MainApplication [MainApplication.java:29] Application started
2024-02-13 23:24:37,260 INFO [JavaFX Application Thread] c.r.p.MainApplication [MainApplication.java:29] Application started
2024-02-13 23:27:55,498 INFO [JavaFX Application Thread] c.r.p.MainApplication [MainApplication.java:29] Application started
2024-02-13 23:33:13,280 INFO [JavaFX Application Thread] c.r.p.MainApplication [MainApplication.java:29] Application started
2024-02-13 23:34:45,644 INFO [JavaFX Application Thread] c.r.p.MainApplication [MainApplication.java:29] Application started
2024-02-13 23:34:54,878 INFO [JavaFX Application Thread] c.r.p.MainApplication [MainApplication.java:29] Application started
2024-02-13 23:45:46,925 INFO [JavaFX Application Thread] c.r.p.MainApplication [MainApplication.java:29] Application started
2024-02-13 23:48:39,479 INFO [JavaFX Application Thread] c.r.p.MainApplication [MainApplication.java:29] Application started
2024-02-13 23:56:22,133 INFO [JavaFX Application Thread] c.r.p.MainApplication [MainApplication.java:29] Application started
2024-02-13 23:59:29,455 INFO [JavaFX Application Thread] c.r.p.MainApplication [MainApplication.java:29] Application started
2024-02-14 00:03:14,704 INFO [JavaFX Application Thread] c.r.p.MainApplication [MainApplication.java:29] Application started
2024-02-14 00:25:02,861 INFO [JavaFX Application Thread] c.r.p.MainApplication [MainApplication.java:29] Application started
2024-02-14 00:39:49,013 INFO [JavaFX Application Thread] c.r.p.MainApplication [MainApplication.java:29] Application started
2024-02-14 00:47:59,985 INFO [JavaFX Application Thread] c.r.p.MainApplication [MainApplication.java:29] Application started
2024-02-14 00:49:52,460 INFO [JavaFX Application Thread] c.r.p.MainApplication [MainApplication.java:29] Application started
2024-02-14 00:51:23,865 INFO [JavaFX Application Thread] c.r.p.MainApplication [MainApplication.java:29] Application started
2024-02-14 00:52:06,360 INFO [JavaFX Application Thread] c.r.p.MainApplication [MainApplication.java:29] Application started
2024-02-14 12:10:32,221 INFO [JavaFX Application Thread] c.r.p.MainApplication [MainApplication.java:29] Application started
2024-02-14 12:10:45,586 INFO [JavaFX Application Thread] c.r.p.MainApplication [MainApplication.java:29] Application started
2024-02-14 12:19:52,262 INFO [JavaFX Application Thread] c.r.p.MainApplication [MainApplication.java:29] Application started
2024-02-14 12:21:12,885 INFO [JavaFX Application Thread] c.r.p.MainApplication [MainApplication.java:29] Application started
2024-02-14 12:28:32,611 INFO [JavaFX Application Thread] c.r.p.MainApplication [MainApplication.java:29] Application started
2024-02-14 12:38:34,958 INFO [JavaFX Application Thread] c.r.p.MainApplication [MainApplication.java:29] Application started
2024-02-14 12:39:39,166 INFO [JavaFX Application Thread] c.r.p.MainApplication [MainApplication.java:29] Application started
2024-02-14 17:27:29,519 INFO [JavaFX Application Thread] c.r.p.MainApplication [MainApplication.java:29] Application started
2024-02-14 17:28:23,009 INFO [JavaFX Application Thread] c.r.p.MainApplication [MainApplication.java:29] Application started
2024-02-14 17:29:19,133 INFO [JavaFX Application Thread] c.r.p.MainApplication [MainApplication.java:29] Application started
2024-02-14 18:05:25,496 INFO [JavaFX Application Thread] c.r.p.MainApplication [MainApplication.java:29] Application started
2024-02-14 18:29:13,824 INFO [JavaFX Application Thread] c.r.p.MainApplication [MainApplication.java:29] Application started
2024-02-14 18:30:39,960 INFO [JavaFX Application Thread] c.r.p.MainApplication [MainApplication.java:29] Application started
2024-02-14 18:31:54,709 INFO [JavaFX Application Thread] c.r.p.MainApplication [MainApplication.java:29] Application started
2024-02-14 19:04:43,566 INFO [JavaFX Application Thread] c.r.p.MainApplication [MainApplication.java:29] Application started
2024-02-14 23:31:05,079 INFO [JavaFX Application Thread] c.r.p.MainApplication [MainApplication.java:29] Application started
2024-02-14 23:33:14,463 INFO [JavaFX Application Thread] c.r.p.MainApplication [MainApplication.java:29] Application started
2024-02-14 23:38:58,095 INFO [JavaFX Application Thread] c.r.p.MainApplication [MainApplication.java:29] Application started
2024-02-14 23:42:42,952 INFO [JavaFX Application Thread] c.r.p.MainApplication [MainApplication.java:29] Application started
2024-02-14 23:43:01,429 INFO [JavaFX Application Thread] c.r.p.MainApplication [MainApplication.java:29] Application started
2024-02-14 23:43:53,038 INFO [JavaFX Application Thread] c.r.p.MainApplication [MainApplication.java:29] Application started
2024-02-14 23:46:13,205 INFO [JavaFX Application Thread] c.r.p.MainApplication [MainApplication.java:29] Application started
2024-02-14 23:46:59,174 INFO [JavaFX Application Thread] c.r.p.MainApplication [MainApplication.java:29] Application started
2024-02-14 23:47:35,942 INFO [JavaFX Application Thread] c.r.p.MainApplication [MainApplication.java:29] Application started
2024-02-14 23:49:25,583 INFO [JavaFX Application Thread] c.r.p.MainApplication [MainApplication.java:29] Application started
2024-02-14 23:50:34,189 INFO [JavaFX Application Thread] c.r.p.MainApplication [MainApplication.java:29] Application started
2024-02-14 23:51:01,895 INFO [JavaFX Application Thread] c.r.p.MainApplication [MainApplication.java:29] Application started
2024-02-14 23:51:26,207 INFO [JavaFX Application Thread] c.r.p.MainApplication [MainApplication.java:29] Application started
2024-02-14 23:51:43,914 INFO [JavaFX Application Thread] c.r.p.MainApplication [MainApplication.java:29] Application started
2024-02-14 23:51:58,744 INFO [JavaFX Application Thread] c.r.p.MainApplication [MainApplication.java:29] Application started
2024-02-14 23:54:58,035 INFO [JavaFX Application Thread] c.r.p.MainApplication [MainApplication.java:29] Application started
2024-02-14 23:59:05,482 INFO [JavaFX Application Thread] c.r.p.MainApplication [MainApplication.java:29] Application started
2024-02-15 00:00:36,371 INFO [JavaFX Application Thread] c.r.p.MainApplication [MainApplication.java:29] Application started
2024-02-15 00:06:36,306 INFO [JavaFX Application Thread] c.r.p.MainApplication [MainApplication.java:29] Application started
2024-02-15 09:44:13,816 INFO [JavaFX Application Thread] c.r.p.MainApplication [MainApplication.java:29] Application started
2024-02-15 12:31:16,342 INFO [JavaFX Application Thread] c.r.p.MainApplication [MainApplication.java:29] Application started
2024-02-15 13:21:45,160 INFO [JavaFX Application Thread] c.r.p.MainApplication [MainApplication.java:29] Application started
2024-02-15 13:51:34,954 INFO [JavaFX Application Thread] c.r.p.MainApplication [MainApplication.java:29] Application started
2024-02-15 14:19:38,294 INFO [JavaFX Application Thread] c.r.p.MainApplication [MainApplication.java:29] Application started
2024-04-18 19:36:46,472 INFO [JavaFX Application Thread] c.r.p.MainApplication [MainApplication.java:29] Application started
